Microsoft (R) Macro Assembler Version 6.15.8803		    08/18/07 12:07:57
eg0401b.asm						     Page 1 - 1


				;eg0401.asm
					include io32.inc
			      C .nolist
			      C .list
			      C 
 00000000				.data
 00000000 00000000		nvar	dword ?
 00000000				.code
 00000000			start:
 00000000  B0 30			mov al,'0'
 00000002  E8 00000000 E		call dispc
 00000007  EB 01			jmp labl1
 00000009  90				nop
 0000000A			labl1:
 0000000A  B0 31			mov al,'1'
 0000000C  E8 00000000 E		call dispc
 00000011  E9 00000001			jmp near ptr labl2
 00000016  90				nop
 00000017			labl2:
 00000017  B0 32			mov al,'2'
 00000019  E8 00000000 E		call dispc
 0000001E  B8 00000026 R		mov eax,offset labl3
 00000023  FF E0			jmp eax
 00000025  90				nop
 00000026			labl3:
 00000026  B0 33			mov al,'3'
 00000028  E8 00000000 E		call dispc
 0000002D  B8 0000003E R		mov eax,offset labl4
 00000032  A3 00000000 R		mov nvar,eax
 00000037  FF 25 00000000 R		jmp nvar
 0000003D  90				nop
 0000003E			labl4:	
 0000003E  B0 34			mov al,'4'
 00000040  E8 00000000 E		call dispc
					exit 0
					end start
Microsoft (R) Macro Assembler Version 6.15.8803		    08/18/07 12:07:57
eg0401b.asm						     Symbols 2 - 1




Macros:

                N a m e                 Type

exit . . . . . . . . . . . . . .	Proc


Segments and Groups:

                N a m e                 Size     Length   Align   Combine Class

FLAT . . . . . . . . . . . . . .	GROUP
_DATA  . . . . . . . . . . . . .	32 Bit	 00000004 Para	  Public  'DATA'	
_TEXT  . . . . . . . . . . . . .	32 Bit	 0000004C Para	  Public  'CODE'	


Procedures,  parameters and locals:

                N a m e                 Type     Value    Attr

ExitProcess  . . . . . . . . . .	P Near	 00000000 FLAT	Length= 00000000 External STDCALL


Symbols:

                N a m e                 Type     Value    Attr

@CodeSize  . . . . . . . . . . .	Number	 00000000h   
@DataSize  . . . . . . . . . . .	Number	 00000000h   
@Interface . . . . . . . . . . .	Number	 00000003h   
@Model . . . . . . . . . . . . .	Number	 00000007h   
@code  . . . . . . . . . . . . .	Text   	 _TEXT
@data  . . . . . . . . . . . . .	Text   	 FLAT
@fardata?  . . . . . . . . . . .	Text   	 FLAT
@fardata . . . . . . . . . . . .	Text   	 FLAT
@stack . . . . . . . . . . . . .	Text   	 FLAT
dispbb . . . . . . . . . . . . .	L Near	 00000000 FLAT	External STDCALL
dispbd . . . . . . . . . . . . .	L Near	 00000000 FLAT	External STDCALL
dispbw . . . . . . . . . . . . .	L Near	 00000000 FLAT	External STDCALL
dispcrlf . . . . . . . . . . . .	L Near	 00000000 FLAT	External STDCALL
dispc  . . . . . . . . . . . . .	L Near	 00000000 FLAT	External STDCALL
disphb . . . . . . . . . . . . .	L Near	 00000000 FLAT	External STDCALL
disphd . . . . . . . . . . . . .	L Near	 00000000 FLAT	External STDCALL
disphw . . . . . . . . . . . . .	L Near	 00000000 FLAT	External STDCALL
dispmsg  . . . . . . . . . . . .	L Near	 00000000 FLAT	External STDCALL
disprb . . . . . . . . . . . . .	L Near	 00000000 FLAT	External STDCALL
disprd . . . . . . . . . . . . .	L Near	 00000000 FLAT	External STDCALL
disprf . . . . . . . . . . . . .	L Near	 00000000 FLAT	External STDCALL
disprw . . . . . . . . . . . . .	L Near	 00000000 FLAT	External STDCALL
dispsib  . . . . . . . . . . . .	L Near	 00000000 FLAT	External STDCALL
dispsid  . . . . . . . . . . . .	L Near	 00000000 FLAT	External STDCALL
dispsiw  . . . . . . . . . . . .	L Near	 00000000 FLAT	External STDCALL
dispuib  . . . . . . . . . . . .	L Near	 00000000 FLAT	External STDCALL
dispuid  . . . . . . . . . . . .	L Near	 00000000 FLAT	External STDCALL
dispuiw  . . . . . . . . . . . .	L Near	 00000000 FLAT	External STDCALL
labl1  . . . . . . . . . . . . .	L Near	 0000000A _TEXT	
labl2  . . . . . . . . . . . . .	L Near	 00000017 _TEXT	
labl3  . . . . . . . . . . . . .	L Near	 00000026 _TEXT	
labl4  . . . . . . . . . . . . .	L Near	 0000003E _TEXT	
nvar . . . . . . . . . . . . . .	DWord	 00000000 _DATA	
readbb . . . . . . . . . . . . .	L Near	 00000000 FLAT	External STDCALL
readbd . . . . . . . . . . . . .	L Near	 00000000 FLAT	External STDCALL
readbw . . . . . . . . . . . . .	L Near	 00000000 FLAT	External STDCALL
readc  . . . . . . . . . . . . .	L Near	 00000000 FLAT	External STDCALL
readhb . . . . . . . . . . . . .	L Near	 00000000 FLAT	External STDCALL
readhd . . . . . . . . . . . . .	L Near	 00000000 FLAT	External STDCALL
readhw . . . . . . . . . . . . .	L Near	 00000000 FLAT	External STDCALL
readmsg  . . . . . . . . . . . .	L Near	 00000000 FLAT	External STDCALL
readsib  . . . . . . . . . . . .	L Near	 00000000 FLAT	External STDCALL
readsid  . . . . . . . . . . . .	L Near	 00000000 FLAT	External STDCALL
readsiw  . . . . . . . . . . . .	L Near	 00000000 FLAT	External STDCALL
readuib  . . . . . . . . . . . .	L Near	 00000000 FLAT	External STDCALL
readuid  . . . . . . . . . . . .	L Near	 00000000 FLAT	External STDCALL
readuiw  . . . . . . . . . . . .	L Near	 00000000 FLAT	External STDCALL
start  . . . . . . . . . . . . .	L Near	 00000000 _TEXT	Public STDCALL

	   0 Warnings
	   0 Errors
