Microsoft (R) Macro Assembler Version 6.15.8803		    08/18/07 17:24:42
eg0407.asm						     Page 1 - 1


				;eg0407.asm
					include io32.inc
			      C .nolist
			      C .list
			      C 
 00000000				.data

 00000000				.code
 00000000			start:
 00000000  E8 00000000 E		call readc	; 输入一个字符，从AL返回值
 00000005  3C 41			cmp al,'A'	; 与大写字母A比较
 00000007  72 0B			jb done	; 比大写字母A小，不是大写字母，转移
 00000009  3C 5A			cmp al,'Z'	; 与大写字母Z比较
 0000000B  77 07			ja done	; 比大写字母Z大，不是大写字母，转移
 0000000D  0C 20			or al,20h	; 转换为小写
 0000000F  E8 00000000 E		call dispc	; 显示小写字母
 00000014			done:
					exit 0
					end start
Microsoft (R) Macro Assembler Version 6.15.8803		    08/18/07 17:24:42
eg0407.asm						     Symbols 2 - 1




Macros:

                N a m e                 Type

exit . . . . . . . . . . . . . .	Proc


Segments and Groups:

                N a m e                 Size     Length   Align   Combine Class

FLAT . . . . . . . . . . . . . .	GROUP
_DATA  . . . . . . . . . . . . .	32 Bit	 00000000 Para	  Public  'DATA'	
_TEXT  . . . . . . . . . . . . .	32 Bit	 0000001B Para	  Public  'CODE'	


Procedures,  parameters and locals:

                N a m e                 Type     Value    Attr

ExitProcess  . . . . . . . . . .	P Near	 00000000 FLAT	Length= 00000000 External STDCALL


Symbols:

                N a m e                 Type     Value    Attr

@CodeSize  . . . . . . . . . . .	Number	 00000000h   
@DataSize  . . . . . . . . . . .	Number	 00000000h   
@Interface . . . . . . . . . . .	Number	 00000003h   
@Model . . . . . . . . . . . . .	Number	 00000007h   
@code  . . . . . . . . . . . . .	Text   	 _TEXT
@data  . . . . . . . . . . . . .	Text   	 FLAT
@fardata?  . . . . . . . . . . .	Text   	 FLAT
@fardata . . . . . . . . . . . .	Text   	 FLAT
@stack . . . . . . . . . . . . .	Text   	 FLAT
dispbb . . . . . . . . . . . . .	L Near	 00000000 FLAT	External STDCALL
dispbd . . . . . . . . . . . . .	L Near	 00000000 FLAT	External STDCALL
dispbw . . . . . . . . . . . . .	L Near	 00000000 FLAT	External STDCALL
dispcrlf . . . . . . . . . . . .	L Near	 00000000 FLAT	External STDCALL
dispc  . . . . . . . . . . . . .	L Near	 00000000 FLAT	External STDCALL
disphb . . . . . . . . . . . . .	L Near	 00000000 FLAT	External STDCALL
disphd . . . . . . . . . . . . .	L Near	 00000000 FLAT	External STDCALL
disphw . . . . . . . . . . . . .	L Near	 00000000 FLAT	External STDCALL
dispmsg  . . . . . . . . . . . .	L Near	 00000000 FLAT	External STDCALL
disprb . . . . . . . . . . . . .	L Near	 00000000 FLAT	External STDCALL
disprd . . . . . . . . . . . . .	L Near	 00000000 FLAT	External STDCALL
disprf . . . . . . . . . . . . .	L Near	 00000000 FLAT	External STDCALL
disprw . . . . . . . . . . . . .	L Near	 00000000 FLAT	External STDCALL
dispsib  . . . . . . . . . . . .	L Near	 00000000 FLAT	External STDCALL
dispsid  . . . . . . . . . . . .	L Near	 00000000 FLAT	External STDCALL
dispsiw  . . . . . . . . . . . .	L Near	 00000000 FLAT	External STDCALL
dispuib  . . . . . . . . . . . .	L Near	 00000000 FLAT	External STDCALL
dispuid  . . . . . . . . . . . .	L Near	 00000000 FLAT	External STDCALL
dispuiw  . . . . . . . . . . . .	L Near	 00000000 FLAT	External STDCALL
done . . . . . . . . . . . . . .	L Near	 00000014 _TEXT	
readbb . . . . . . . . . . . . .	L Near	 00000000 FLAT	External STDCALL
readbd . . . . . . . . . . . . .	L Near	 00000000 FLAT	External STDCALL
readbw . . . . . . . . . . . . .	L Near	 00000000 FLAT	External STDCALL
readc  . . . . . . . . . . . . .	L Near	 00000000 FLAT	External STDCALL
readhb . . . . . . . . . . . . .	L Near	 00000000 FLAT	External STDCALL
readhd . . . . . . . . . . . . .	L Near	 00000000 FLAT	External STDCALL
readhw . . . . . . . . . . . . .	L Near	 00000000 FLAT	External STDCALL
readmsg  . . . . . . . . . . . .	L Near	 00000000 FLAT	External STDCALL
readsib  . . . . . . . . . . . .	L Near	 00000000 FLAT	External STDCALL
readsid  . . . . . . . . . . . .	L Near	 00000000 FLAT	External STDCALL
readsiw  . . . . . . . . . . . .	L Near	 00000000 FLAT	External STDCALL
readuib  . . . . . . . . . . . .	L Near	 00000000 FLAT	External STDCALL
readuid  . . . . . . . . . . . .	L Near	 00000000 FLAT	External STDCALL
readuiw  . . . . . . . . . . . .	L Near	 00000000 FLAT	External STDCALL
start  . . . . . . . . . . . . .	L Near	 00000000 _TEXT	Public STDCALL

	   0 Warnings
	   0 Errors
