Microsoft (R) Macro Assembler Version 6.15.8803		    08/19/07 18:46:36
eg0414d.asm						     Page 1 - 1


				;eg0414d.asm
					include io32.inc
			      C .nolist
			      C .list
			      C 
 00000000				.data

 00000000				.code
 00000000			start:
 00000000  B8 00000001			mov eax,1
 00000005  BD 00000005			mov ebp,5
 0000000A  68 00000011 R		push offset retp1	; call subp
 0000000F  EB 16			jmp subp

 00000011  B9 00000003		retp1:	mov ecx,3
 00000016  BA 00000004		retp2:	mov edx,4
 0000001B  E8 00000000 E		call disprd

					exit 0
 00000027			subp	proc	; 过程定义，过程名为subp
 00000027  55				push ebp
 00000028  8B EC			mov ebp,esp
 0000002A  8B 75 04			mov esi,[ebp+4]
 0000002D  BF 00000016 R		mov edi,offset retp2
 00000032  BB 00000002			mov ebx,2
 00000037  5D				pop ebp	; 弹出堆栈，保持堆栈平衡

 00000038  83 C4 04			add esp,4	; 子程序返回(ret)
 0000003B  FF 64 24 FC			jmp dword ptr [esp-4]

 0000003F			subp	endp	; 过程结束
					
					end start
Microsoft (R) Macro Assembler Version 6.15.8803		    08/19/07 18:46:36
eg0414d.asm						     Symbols 2 - 1




Macros:

                N a m e                 Type

exit . . . . . . . . . . . . . .	Proc


Segments and Groups:

                N a m e                 Size     Length   Align   Combine Class

FLAT . . . . . . . . . . . . . .	GROUP
_DATA  . . . . . . . . . . . . .	32 Bit	 00000000 Para	  Public  'DATA'	
_TEXT  . . . . . . . . . . . . .	32 Bit	 0000003F Para	  Public  'CODE'	


Procedures,  parameters and locals:

                N a m e                 Type     Value    Attr

ExitProcess  . . . . . . . . . .	P Near	 00000000 FLAT	Length= 00000000 External STDCALL
subp . . . . . . . . . . . . . .	P Near	 00000027 _TEXT	Length= 00000018 Public STDCALL


Symbols:

                N a m e                 Type     Value    Attr

@CodeSize  . . . . . . . . . . .	Number	 00000000h   
@DataSize  . . . . . . . . . . .	Number	 00000000h   
@Interface . . . . . . . . . . .	Number	 00000003h   
@Model . . . . . . . . . . . . .	Number	 00000007h   
@code  . . . . . . . . . . . . .	Text   	 _TEXT
@data  . . . . . . . . . . . . .	Text   	 FLAT
@fardata?  . . . . . . . . . . .	Text   	 FLAT
@fardata . . . . . . . . . . . .	Text   	 FLAT
@stack . . . . . . . . . . . . .	Text   	 FLAT
dispbb . . . . . . . . . . . . .	L Near	 00000000 FLAT	External STDCALL
dispbd . . . . . . . . . . . . .	L Near	 00000000 FLAT	External STDCALL
dispbw . . . . . . . . . . . . .	L Near	 00000000 FLAT	External STDCALL
dispcrlf . . . . . . . . . . . .	L Near	 00000000 FLAT	External STDCALL
dispc  . . . . . . . . . . . . .	L Near	 00000000 FLAT	External STDCALL
disphb . . . . . . . . . . . . .	L Near	 00000000 FLAT	External STDCALL
disphd . . . . . . . . . . . . .	L Near	 00000000 FLAT	External STDCALL
disphw . . . . . . . . . . . . .	L Near	 00000000 FLAT	External STDCALL
dispmsg  . . . . . . . . . . . .	L Near	 00000000 FLAT	External STDCALL
disprb . . . . . . . . . . . . .	L Near	 00000000 FLAT	External STDCALL
disprd . . . . . . . . . . . . .	L Near	 00000000 FLAT	External STDCALL
disprf . . . . . . . . . . . . .	L Near	 00000000 FLAT	External STDCALL
disprw . . . . . . . . . . . . .	L Near	 00000000 FLAT	External STDCALL
dispsib  . . . . . . . . . . . .	L Near	 00000000 FLAT	External STDCALL
dispsid  . . . . . . . . . . . .	L Near	 00000000 FLAT	External STDCALL
dispsiw  . . . . . . . . . . . .	L Near	 00000000 FLAT	External STDCALL
dispuib  . . . . . . . . . . . .	L Near	 00000000 FLAT	External STDCALL
dispuid  . . . . . . . . . . . .	L Near	 00000000 FLAT	External STDCALL
dispuiw  . . . . . . . . . . . .	L Near	 00000000 FLAT	External STDCALL
readbb . . . . . . . . . . . . .	L Near	 00000000 FLAT	External STDCALL
readbd . . . . . . . . . . . . .	L Near	 00000000 FLAT	External STDCALL
readbw . . . . . . . . . . . . .	L Near	 00000000 FLAT	External STDCALL
readc  . . . . . . . . . . . . .	L Near	 00000000 FLAT	External STDCALL
readhb . . . . . . . . . . . . .	L Near	 00000000 FLAT	External STDCALL
readhd . . . . . . . . . . . . .	L Near	 00000000 FLAT	External STDCALL
readhw . . . . . . . . . . . . .	L Near	 00000000 FLAT	External STDCALL
readmsg  . . . . . . . . . . . .	L Near	 00000000 FLAT	External STDCALL
readsib  . . . . . . . . . . . .	L Near	 00000000 FLAT	External STDCALL
readsid  . . . . . . . . . . . .	L Near	 00000000 FLAT	External STDCALL
readsiw  . . . . . . . . . . . .	L Near	 00000000 FLAT	External STDCALL
readuib  . . . . . . . . . . . .	L Near	 00000000 FLAT	External STDCALL
readuid  . . . . . . . . . . . .	L Near	 00000000 FLAT	External STDCALL
readuiw  . . . . . . . . . . . .	L Near	 00000000 FLAT	External STDCALL
retp1  . . . . . . . . . . . . .	L Near	 00000011 _TEXT	
retp2  . . . . . . . . . . . . .	L Near	 00000016 _TEXT	
start  . . . . . . . . . . . . .	L Near	 00000000 _TEXT	Public STDCALL

	   0 Warnings
	   0 Errors
